INFO: [VRFC 10-2263] Analyzing Verilog file "C:/Users/Cyphe/Documents/SUSTech Assignment/Term 4/Computer Organization/Lab/Week 8/Practice 2/Practice 2.srcs/sources_1/ip/prgrom/prgrom_sim_netlist.v" into library xil_defaultlib
INFO: [VRFC 10-311] analyzing module prgrom
INFO: [VRFC 10-311] analyzing module prgrom_bindec
INFO: [VRFC 10-311] analyzing module prgrom_blk_mem_gen_generic_cstr
INFO: [VRFC 10-311] analyzing module prgrom_blk_mem_gen_mux
INFO: [VRFC 10-311] analyzing module prgrom_blk_mem_gen_prim_width
INFO: [VRFC 10-311] analyzing module prgrom_blk_mem_gen_prim_width__parameterized0
INFO: [VRFC 10-311] analyzing module prgrom_blk_mem_gen_prim_width__parameterized1
INFO: [VRFC 10-311] analyzing module prgrom_blk_mem_gen_prim_width__parameterized10
INFO: [VRFC 10-311] analyzing module prgrom_blk_mem_gen_prim_width__parameterized11
INFO: [VRFC 10-311] analyzing module prgrom_blk_mem_gen_prim_width__parameterized12
INFO: [VRFC 10-311] analyzing module prgrom_blk_mem_gen_prim_width__parameterized13
INFO: [VRFC 10-311] analyzing module prgrom_blk_mem_gen_prim_width__parameterized2
INFO: [VRFC 10-311] analyzing module prgrom_blk_mem_gen_prim_width__parameterized3
INFO: [VRFC 10-311] analyzing module prgrom_blk_mem_gen_prim_width__parameterized4
INFO: [VRFC 10-311] analyzing module prgrom_blk_mem_gen_prim_width__parameterized5
INFO: [VRFC 10-311] analyzing module prgrom_blk_mem_gen_prim_width__parameterized6
INFO: [VRFC 10-311] analyzing module prgrom_blk_mem_gen_prim_width__parameterized7
INFO: [VRFC 10-311] analyzing module prgrom_blk_mem_gen_prim_width__parameterized8
INFO: [VRFC 10-311] analyzing module prgrom_blk_mem_gen_prim_width__parameterized9
INFO: [VRFC 10-311] analyzing module prgrom_blk_mem_gen_prim_wrapper_init
INFO: [VRFC 10-311] analyzing module prgrom_blk_mem_gen_prim_wrapper_init__parameterized0
INFO: [VRFC 10-311] analyzing module prgrom_blk_mem_gen_prim_wrapper_init__parameterized1
INFO: [VRFC 10-311] analyzing module prgrom_blk_mem_gen_prim_wrapper_init__parameterized10
INFO: [VRFC 10-311] analyzing module prgrom_blk_mem_gen_prim_wrapper_init__parameterized11
INFO: [VRFC 10-311] analyzing module prgrom_blk_mem_gen_prim_wrapper_init__parameterized12
INFO: [VRFC 10-311] analyzing module prgrom_blk_mem_gen_prim_wrapper_init__parameterized13
INFO: [VRFC 10-311] analyzing module prgrom_blk_mem_gen_prim_wrapper_init__parameterized2
INFO: [VRFC 10-311] analyzing module prgrom_blk_mem_gen_prim_wrapper_init__parameterized3
INFO: [VRFC 10-311] analyzing module prgrom_blk_mem_gen_prim_wrapper_init__parameterized4
INFO: [VRFC 10-311] analyzing module prgrom_blk_mem_gen_prim_wrapper_init__parameterized5
INFO: [VRFC 10-311] analyzing module prgrom_blk_mem_gen_prim_wrapper_init__parameterized6
INFO: [VRFC 10-311] analyzing module prgrom_blk_mem_gen_prim_wrapper_init__parameterized7
INFO: [VRFC 10-311] analyzing module prgrom_blk_mem_gen_prim_wrapper_init__parameterized8
INFO: [VRFC 10-311] analyzing module prgrom_blk_mem_gen_prim_wrapper_init__parameterized9
INFO: [VRFC 10-311] analyzing module prgrom_blk_mem_gen_top
INFO: [VRFC 10-311] analyzing module prgrom_blk_mem_gen_v8_4_1
INFO: [VRFC 10-311] analyzing module prgrom_blk_mem_gen_v8_4_1_synth
INFO: [VRFC 10-311] analyzing module glbl
INFO: [VRFC 10-2263] Analyzing Verilog file "C:/Users/Cyphe/Documents/SUSTech Assignment/Term 4/Computer Organization/Lab/Week 8/Practice 2/Practice 2.srcs/sources_1/new/m_inst.v" into library xil_defaultlib
INFO: [VRFC 10-311] analyzing module m_inst
INFO: [VRFC 10-2263] Analyzing Verilog file "C:/Users/Cyphe/Documents/SUSTech Assignment/Term 4/Computer Organization/Lab/Week 8/Practice 2/Practice 2.srcs/sim_1/new/tb_inst_mem.v" into library xil_defaultlib
INFO: [VRFC 10-311] analyzing module tb_inst_mem
INFO: [VRFC 10-2263] Analyzing Verilog file "C:/Users/Cyphe/Documents/SUSTech Assignment/Term 4/Computer Organization/Lab/Week 8/Practice 2/Practice 2.sim/sim_1/behav/xsim/glbl.v" into library xil_defaultlib
INFO: [VRFC 10-311] analyzing module glbl
WARNING: [VRFC 10-2421] module glbl is previously defined, ignoring this definition [C:/Users/Cyphe/Documents/SUSTech Assignment/Term 4/Computer Organization/Lab/Week 8/Practice 2/Practice 2.sim/sim_1/behav/xsim/glbl.v:6]
