\BOOKMARK [1][-]{section.1}{\376\377\000I\000n\000t\000r\000o\000d\000u\000c\000t\000i\000o\000n}{}% 1
\BOOKMARK [1][-]{section.2}{\376\377\000E\000x\000p\000e\000r\000i\000m\000e\000n\000t\000\040\000S\000e\000t\000u\000p}{}% 2
\BOOKMARK [2][-]{subsection.2.1}{\376\377\000E\000n\000v\000i\000r\000o\000n\000m\000e\000n\000t}{section.2}% 3
\BOOKMARK [2][-]{subsection.2.2}{\376\377\000D\000a\000t\000a}{section.2}% 4
\BOOKMARK [2][-]{subsection.2.3}{\376\377\000E\000x\000p\000e\000r\000i\000m\000e\000n\000t\000\040\000D\000e\000s\000i\000g\000n}{section.2}% 5
\BOOKMARK [3][-]{subsubsection.2.3.1}{\376\377\000R\000e\000t\000r\000i\000e\000v\000a\000l\000\040\000T\000e\000s\000t}{subsection.2.3}% 6
\BOOKMARK [3][-]{subsubsection.2.3.2}{\376\377\000U\000p\000d\000a\000t\000e\000\040\000T\000e\000s\000t}{subsection.2.3}% 7
\BOOKMARK [1][-]{section.3}{\376\377\000R\000e\000s\000u\000l\000t\000s}{}% 8
\BOOKMARK [2][-]{subsection.3.1}{\376\377\000R\000e\000t\000r\000i\000e\000v\000a\000l\000\040\000T\000e\000s\000t}{section.3}% 9
\BOOKMARK [2][-]{subsection.3.2}{\376\377\000U\000p\000d\000a\000t\000e\000\040\000T\000e\000s\000t}{section.3}% 10
\BOOKMARK [1][-]{section.4}{\376\377\000C\000o\000n\000c\000l\000u\000s\000i\000o\000n}{}% 11
\BOOKMARK [1][-]{section.5}{\376\377\000E\000x\000t\000r\000a\000\040\000E\000x\000p\000e\000r\000i\000m\000e\000n\000t}{}% 12
\BOOKMARK [2][-]{subsection.5.1}{\376\377\000E\000x\000p\000e\000r\000i\000m\000e\000n\000t\000\040\000D\000e\000s\000i\000g\000n}{section.5}% 13
\BOOKMARK [3][-]{subsubsection.5.1.1}{\376\377\000T\000r\000a\000v\000e\000r\000s\000e\000\040\000T\000e\000s\000t}{subsection.5.1}% 14
\BOOKMARK [3][-]{subsubsection.5.1.2}{\376\377\000R\000e\000t\000r\000i\000e\000v\000a\000l\000\040\000T\000e\000s\000t\000\040\000w\000i\000t\000h\000o\000u\000t\000\040\000P\000o\000s\000t\000g\000r\000e\000S\000Q\000L\000\040\000F\000e\000a\000t\000u\000r\000e\000s}{subsection.5.1}% 15
\BOOKMARK [2][-]{subsection.5.2}{\376\377\000R\000e\000s\000u\000l\000t\000s}{section.5}% 16
\BOOKMARK [3][-]{subsubsection.5.2.1}{\376\377\000T\000r\000a\000v\000e\000r\000s\000e\000\040\000T\000e\000s\000t}{subsection.5.2}% 17
\BOOKMARK [3][-]{subsubsection.5.2.2}{\376\377\000R\000e\000t\000r\000i\000e\000v\000a\000l\000\040\000T\000e\000s\000t\000\040\000w\000i\000t\000h\000o\000u\000t\000\040\000P\000o\000s\000t\000g\000r\000e\000S\000Q\000L\000\040\000F\000e\000a\000t\000u\000r\000e\000s}{subsection.5.2}% 18
\BOOKMARK [2][-]{subsection.5.3}{\376\377\000C\000o\000n\000c\000l\000u\000s\000i\000o\000n}{section.5}% 19
\BOOKMARK [1][-]{appendix.A}{\376\377\000C\000o\000d\000e}{}% 20
