. X : Y x [ 8 @ P c ( a L V 
m c | e # 7 t ? 9 E ! Q U c w 7 z 6 N 
? - & X o S I Q ; % 7 O 5 8 W | = ( 
/ # f U u G 
r : ; > 
S f Q { h y Z T e 
] ( [ D 4 H 
? - & X o S I Q ; % 7 O 5 8 W | = ( 
. X : Y x [ 8 @ P c ( a L V 
m c | e # 7 t ? 9 E ! Q U c w 7 z 6 N 
7 Y ` b V ! > b 
10
11 5 8 15 20 10 15 9 3 4 
p J ? } ) 
= ^ } y K y = K % g ` < 3 w w 
T e ' B e D > ` y + u T ? ( f 
; L E u = K { 3 
i N U N 
K c Q H X \ 8 6 
Z x ` m _ { b A [ $ p Z 1 
P 4 & m s w ) 1 G F > O / m } 
b r % z T h : @ G z $ " 
g ? ; G 5 ( > = F 
Z x ` m _ { b A [ $ p Z 1 
^ l ] 
p ? @ _ P f X N O A 2 U ) 7 + / y _ o 
K c Q H X \ 8 6 
i N U N 
P 4 & m s w ) 1 G F > O / m } 
T e ' B e D > ` y + u T ? ( f 
7 Y ` b V ! > b 
p J ? } ) 
X 6 N K 
W 7 
X 6 N K 
o B B ? % 
2 / i ) ^ u % Q + * ~ 7 ~ B t ` > 
9 { O / | 9 t Z ) 4 = v 3 ? 1 G 
c e P 
~ V ^ T * L n m 6 s i - Q z 
? 2 7 Q m Q \ ~ 1 L w e " { 
2 / i ) ^ u % Q + * ~ 7 ~ B t ` > 
o B B ? % 
18
20 2 16 7 6 17 18 1 5 13 1 13 2 6 15 18 5 7 
J 7 V _ ( ? G 
J 2 + N B H 
E % } ! b I a x \ | H k > A M 
o 6 w B | M q . c < 6 3 H + : 
j O D s h ) + 
I q [ > m " y 
23
20 2 16 7 6 17 18 1 5 13 1 13 2 6 15 18 5 7 18 15 14 6 12 
x > k $ d b " j ; 6 e j q W g O 3 
o 6 w B | M q . c < 6 3 H + : 
26
20 2 16 7 6 17 18 1 5 13 1 13 2 6 15 18 5 7 18 15 14 6 12 4 12 8 
! ' ( ; " 
3 W J q V l ^ 9 
: $ ? N h n h } | v { 4 
A u ( ^ 
& b U \ : l R 9 U k 6 + 
P s x r v L 
9 ! > / e / . N * f { L # K 
o 6 w B | M q . c < 6 3 H + : 
w 7 s p x 9 D # o @ K - H ! y > R > 
I q [ > m " y 
E % } ! b I a x \ | H k > A M 
! ' ( ; " 
x > k $ d b " j ; 6 e j q W g O 3 
J 2 + N B H 
@ 7 t K 3 [ _ u D 0 Y M g X q Y N C e 
{ i % L U V 
m 2 k [ V - J 3 a p K y 9 Y ' 
m 2 k [ V - J 3 a p K y 9 Y ' 
@ 7 t K 3 [ _ u D 0 Y M g X q Y N C e 
{ i % L U V 
w 7 7 a X 5 , c R 
} z y ` < : b | , ) , i m p S 9 $ T n ` 
& R 7 D 
W f & \ K k ^ N _ V ( u N 7 ) 5 x 9 F 9 
~ ` l K ; T H R 
t 2 k X B o $ i m c . ) w O Z | ] 
N * 5 R y g e B , [ > B m @ x K H J p 1 
U # 2 ^ d o p D [ , { v ; Q 
8 H 7 H W r R 1 v [ u , 7 x I N 
e ) k l _ $ : n j 1 f v V 2 
l E ] [ 
d E ' N . ^ 
W f & \ K k ^ N _ V ( u N 7 ) 5 x 9 F 9 
e ) k l _ $ : n j 1 f v V 2 
N * 5 R y g e B , [ > B m @ x K H J p 1 
~ ` l K ; T H R 
w 7 7 a X 5 , c R 
t 2 k X B o $ i m c . ) w O Z | ] 
8 H 7 H W r R 1 v [ u , 7 x I N 
l E ] [ 
& R 7 D 
W < 8 f * ' : f > 7 
* v J e l 9 J b C W c k z / 9 J z V 
3 C N $ / l & 9 - e @ D + u " o [ q } W 
13
13 19 8 20 18 5 20 5 12 4 9 15 11 
- L l Y 0 
V ] U z S : h 
z \ w V S % J ( | V v J j ' k 6 , 
| u j Y s 9 k _ k 
T h @ Y b \ R G L ` \ i I q ? y ) u W O 
b | P K N i / ) ? n ; 
? ^ d * g R S y M ) r 6 8 z k M Z d | N 
, K @ m E R ` 
z \ w V S % J ( | V v J j ' k 6 , 
| u j Y s 9 k _ k 
. m W y } ^ $ S 
Q V 6 b f @ d a 1 _ @ i ( 
5 U c 
G 4 F Y S 9 p c @ Q 
Y " [ V U - G i t Z = . I | ? \ y J 
^ 6 . 8 " L D 
22
18 20 3 7 19 1 19 18 9 13 18 13 8 10 11 18 14 11 3 5 7 18 
2 N t k | k M g v @ n Q g Z 8 r # u 
g o ] & m $ @ 
* % 6 Z . 
5 U c 
X % ! 1 d ! ' ? ) . k 
n A x U ] v 0 * . U P 1 x c 
G 4 F Y S 9 p c @ Q 
. m W y } ^ $ S 
Q V 6 b f @ d a 1 _ @ i ( 
^ 6 . 8 " L D 
Y " [ V U - G i t Z = . I | ? \ y J 
18
18 5 12 10 10 17 1 3 4 20 14 14 5 1 7 6 1 8 
^ L j b @ 
c | Q % u p 3 Y h 
^ L j b @ 
