[DEBUG] Query: 0, Operator: 1
===MEMORY POOL DETAILS===
POOL ADDRESS: 0x5592380962c0
POOL SIZE (FOR EACH): 4048
MAX ALLOCATION SIZE: 4048
MAX FAILED TIMES: 4
CURRENT ACTIVE POOL ADDRESS: 0x5592380962c0

SUB POOL DETAILS:
	-> Sub pool #1, address=0x5592380962c0, free_space=4048 (bytes), failed=0
SUB POOL COUNT: 1

LARGE BLOCK DETAILS: 
LARGE BLOCK COUNT: 0
===MEMORY POOL DETAILS END===

[DEBUG] Query: 1, Operator: 2
===MEMORY POOL DETAILS===
POOL ADDRESS: 0x5592380962c0
POOL SIZE (FOR EACH): 4048
MAX ALLOCATION SIZE: 4048
MAX FAILED TIMES: 4
CURRENT ACTIVE POOL ADDRESS: 0x5592380962c0

SUB POOL DETAILS:
	-> Sub pool #1, address=0x5592380962c0, free_space=3536 (bytes), failed=0
SUB POOL COUNT: 1

LARGE BLOCK DETAILS: 
LARGE BLOCK COUNT: 0
===MEMORY POOL DETAILS END===

[DEBUG] Query: 2, Operator: 2
===MEMORY POOL DETAILS===
POOL ADDRESS: 0x5592380962c0
POOL SIZE (FOR EACH): 4048
MAX ALLOCATION SIZE: 4048
MAX FAILED TIMES: 4
CURRENT ACTIVE POOL ADDRESS: 0x5592380962c0

SUB POOL DETAILS:
	-> Sub pool #1, address=0x5592380962c0, free_space=3536 (bytes), failed=0
SUB POOL COUNT: 1

LARGE BLOCK DETAILS: 
	-> Large block #1, address=0x5592380972d0
LARGE BLOCK COUNT: 1
===MEMORY POOL DETAILS END===

[DEBUG] Query: 3, Operator: 2
===MEMORY POOL DETAILS===
POOL ADDRESS: 0x5592380962c0
POOL SIZE (FOR EACH): 4048
MAX ALLOCATION SIZE: 4048
MAX FAILED TIMES: 4
CURRENT ACTIVE POOL ADDRESS: 0x5592380962c0

SUB POOL DETAILS:
	-> Sub pool #1, address=0x5592380962c0, free_space=3472 (bytes), failed=0
SUB POOL COUNT: 1

LARGE BLOCK DETAILS: 
	-> Large block #1, address=0x5592380972d0
LARGE BLOCK COUNT: 1
===MEMORY POOL DETAILS END===

[DEBUG] Query: 4, Operator: 2
===MEMORY POOL DETAILS===
POOL ADDRESS: 0x5592380962c0
POOL SIZE (FOR EACH): 4048
MAX ALLOCATION SIZE: 4048
MAX FAILED TIMES: 4
CURRENT ACTIVE POOL ADDRESS: 0x5592380962c0

SUB POOL DETAILS:
	-> Sub pool #1, address=0x5592380962c0, free_space=3472 (bytes), failed=0
SUB POOL COUNT: 1

LARGE BLOCK DETAILS: 
	-> Large block #1, address=0x5592380972d0
	-> Large block #2, address=0x5592380a7300
LARGE BLOCK COUNT: 2
===MEMORY POOL DETAILS END===

[DEBUG] Query: 5, Operator: 2
===MEMORY POOL DETAILS===
POOL ADDRESS: 0x5592380962c0
POOL SIZE (FOR EACH): 4048
MAX ALLOCATION SIZE: 4048
MAX FAILED TIMES: 4
CURRENT ACTIVE POOL ADDRESS: 0x5592380962c0

SUB POOL DETAILS:
	-> Sub pool #1, address=0x5592380962c0, free_space=3344 (bytes), failed=0
SUB POOL COUNT: 1

LARGE BLOCK DETAILS: 
	-> Large block #1, address=0x5592380972d0
	-> Large block #2, address=0x5592380a7300
LARGE BLOCK COUNT: 2
===MEMORY POOL DETAILS END===

[DEBUG] Query: 6, Operator: 2
===MEMORY POOL DETAILS===
POOL ADDRESS: 0x5592380962c0
POOL SIZE (FOR EACH): 4048
MAX ALLOCATION SIZE: 4048
MAX FAILED TIMES: 4
CURRENT ACTIVE POOL ADDRESS: 0x5592380962c0

SUB POOL DETAILS:
	-> Sub pool #1, address=0x5592380962c0, free_space=3280 (bytes), failed=0
SUB POOL COUNT: 1

LARGE BLOCK DETAILS: 
	-> Large block #1, address=0x5592380972d0
	-> Large block #2, address=0x5592380a7300
LARGE BLOCK COUNT: 2
===MEMORY POOL DETAILS END===

[DEBUG] Query: 7, Operator: 2
===MEMORY POOL DETAILS===
POOL ADDRESS: 0x5592380962c0
POOL SIZE (FOR EACH): 4048
MAX ALLOCATION SIZE: 4048
MAX FAILED TIMES: 4
CURRENT ACTIVE POOL ADDRESS: 0x5592380962c0

SUB POOL DETAILS:
	-> Sub pool #1, address=0x5592380962c0, free_space=3276 (bytes), failed=0
SUB POOL COUNT: 1

LARGE BLOCK DETAILS: 
	-> Large block #1, address=0x5592380972d0
	-> Large block #2, address=0x5592380a7300
LARGE BLOCK COUNT: 2
===MEMORY POOL DETAILS END===

[DEBUG] Query: 8, Operator: 2
===MEMORY POOL DETAILS===
POOL ADDRESS: 0x5592380962c0
POOL SIZE (FOR EACH): 4048
MAX ALLOCATION SIZE: 4048
MAX FAILED TIMES: 4
CURRENT ACTIVE POOL ADDRESS: 0x5592380962c0

SUB POOL DETAILS:
	-> Sub pool #1, address=0x5592380962c0, free_space=2252 (bytes), failed=0
SUB POOL COUNT: 1

LARGE BLOCK DETAILS: 
	-> Large block #1, address=0x5592380972d0
	-> Large block #2, address=0x5592380a7300
LARGE BLOCK COUNT: 2
===MEMORY POOL DETAILS END===

[DEBUG] Query: 9, Operator: 2
===MEMORY POOL DETAILS===
POOL ADDRESS: 0x5592380962c0
POOL SIZE (FOR EACH): 4048
MAX ALLOCATION SIZE: 4048
MAX FAILED TIMES: 4
CURRENT ACTIVE POOL ADDRESS: 0x5592380962c0

SUB POOL DETAILS:
	-> Sub pool #1, address=0x5592380962c0, free_space=1228 (bytes), failed=0
SUB POOL COUNT: 1

LARGE BLOCK DETAILS: 
	-> Large block #1, address=0x5592380972d0
	-> Large block #2, address=0x5592380a7300
LARGE BLOCK COUNT: 2
===MEMORY POOL DETAILS END===

[DEBUG] Query: 10, Operator: 2
===MEMORY POOL DETAILS===
POOL ADDRESS: 0x5592380962c0
POOL SIZE (FOR EACH): 4048
MAX ALLOCATION SIZE: 4048
MAX FAILED TIMES: 4
CURRENT ACTIVE POOL ADDRESS: 0x5592380962c0

SUB POOL DETAILS:
	-> Sub pool #1, address=0x5592380962c0, free_space=716 (bytes), failed=0
SUB POOL COUNT: 1

LARGE BLOCK DETAILS: 
	-> Large block #1, address=0x5592380972d0
	-> Large block #2, address=0x5592380a7300
LARGE BLOCK COUNT: 2
===MEMORY POOL DETAILS END===

[DEBUG] Query: 11, Operator: 2
===MEMORY POOL DETAILS===
POOL ADDRESS: 0x5592380962c0
POOL SIZE (FOR EACH): 4048
MAX ALLOCATION SIZE: 4048
MAX FAILED TIMES: 4
CURRENT ACTIVE POOL ADDRESS: 0x5592380962c0

SUB POOL DETAILS:
	-> Sub pool #1, address=0x5592380962c0, free_space=684 (bytes), failed=0
SUB POOL COUNT: 1

LARGE BLOCK DETAILS: 
	-> Large block #1, address=0x5592380972d0
	-> Large block #2, address=0x5592380a7300
LARGE BLOCK COUNT: 2
===MEMORY POOL DETAILS END===

[DEBUG] Query: 12, Operator: 2
===MEMORY POOL DETAILS===
POOL ADDRESS: 0x5592380962c0
POOL SIZE (FOR EACH): 4048
MAX ALLOCATION SIZE: 4048
MAX FAILED TIMES: 4
CURRENT ACTIVE POOL ADDRESS: 0x5592380962c0

SUB POOL DETAILS:
	-> Sub pool #1, address=0x5592380962c0, free_space=684 (bytes), failed=0
SUB POOL COUNT: 1

LARGE BLOCK DETAILS: 
	-> Large block #1, address=0x5592380972d0
	-> Large block #2, address=0x5592380a7300
	-> Large block #3, address=0x5592380af330
LARGE BLOCK COUNT: 3
===MEMORY POOL DETAILS END===

[DEBUG] Query: 13, Operator: 2
===MEMORY POOL DETAILS===
POOL ADDRESS: 0x5592380962c0
POOL SIZE (FOR EACH): 4048
MAX ALLOCATION SIZE: 4048
MAX FAILED TIMES: 4
CURRENT ACTIVE POOL ADDRESS: 0x5592380962c0

SUB POOL DETAILS:
	-> Sub pool #1, address=0x5592380962c0, free_space=172 (bytes), failed=0
SUB POOL COUNT: 1

LARGE BLOCK DETAILS: 
	-> Large block #1, address=0x5592380972d0
	-> Large block #2, address=0x5592380a7300
	-> Large block #3, address=0x5592380af330
LARGE BLOCK COUNT: 3
===MEMORY POOL DETAILS END===

[DEBUG] Query: 14, Operator: 2
===MEMORY POOL DETAILS===
POOL ADDRESS: 0x5592380962c0
POOL SIZE (FOR EACH): 4048
MAX ALLOCATION SIZE: 4048
MAX FAILED TIMES: 4
CURRENT ACTIVE POOL ADDRESS: 0x5592380962c0

SUB POOL DETAILS:
	-> Sub pool #1, address=0x5592380962c0, free_space=44 (bytes), failed=0
SUB POOL COUNT: 1

LARGE BLOCK DETAILS: 
	-> Large block #1, address=0x5592380972d0
	-> Large block #2, address=0x5592380a7300
	-> Large block #3, address=0x5592380af330
LARGE BLOCK COUNT: 3
===MEMORY POOL DETAILS END===

[DEBUG] Query: 15, Operator: 2
===MEMORY POOL DETAILS===
POOL ADDRESS: 0x5592380962c0
POOL SIZE (FOR EACH): 4048
MAX ALLOCATION SIZE: 4048
MAX FAILED TIMES: 4
CURRENT ACTIVE POOL ADDRESS: 0x5592380962c0

SUB POOL DETAILS:
	-> Sub pool #1, address=0x5592380962c0, free_space=44 (bytes), failed=1
	-> Sub pool #2, address=0x5592380b7360, free_space=3984 (bytes), failed=0
SUB POOL COUNT: 2

LARGE BLOCK DETAILS: 
	-> Large block #1, address=0x5592380972d0
	-> Large block #2, address=0x5592380a7300
	-> Large block #3, address=0x5592380af330
LARGE BLOCK COUNT: 3
===MEMORY POOL DETAILS END===

[DEBUG] Query: 16, Operator: 2
===MEMORY POOL DETAILS===
POOL ADDRESS: 0x5592380962c0
POOL SIZE (FOR EACH): 4048
MAX ALLOCATION SIZE: 4048
MAX FAILED TIMES: 4
CURRENT ACTIVE POOL ADDRESS: 0x5592380962c0

SUB POOL DETAILS:
	-> Sub pool #1, address=0x5592380962c0, free_space=44 (bytes), failed=2
	-> Sub pool #2, address=0x5592380b7360, free_space=3920 (bytes), failed=0
SUB POOL COUNT: 2

LARGE BLOCK DETAILS: 
	-> Large block #1, address=0x5592380972d0
	-> Large block #2, address=0x5592380a7300
	-> Large block #3, address=0x5592380af330
LARGE BLOCK COUNT: 3
===MEMORY POOL DETAILS END===

[DEBUG] Query: 17, Operator: 2
===MEMORY POOL DETAILS===
POOL ADDRESS: 0x5592380962c0
POOL SIZE (FOR EACH): 4048
MAX ALLOCATION SIZE: 4048
MAX FAILED TIMES: 4
CURRENT ACTIVE POOL ADDRESS: 0x5592380962c0

SUB POOL DETAILS:
	-> Sub pool #1, address=0x5592380962c0, free_space=44 (bytes), failed=3
	-> Sub pool #2, address=0x5592380b7360, free_space=3664 (bytes), failed=0
SUB POOL COUNT: 2

LARGE BLOCK DETAILS: 
	-> Large block #1, address=0x5592380972d0
	-> Large block #2, address=0x5592380a7300
	-> Large block #3, address=0x5592380af330
LARGE BLOCK COUNT: 3
===MEMORY POOL DETAILS END===

[DEBUG] Query: 18, Operator: 2
===MEMORY POOL DETAILS===
POOL ADDRESS: 0x5592380962c0
POOL SIZE (FOR EACH): 4048
MAX ALLOCATION SIZE: 4048
MAX FAILED TIMES: 4
CURRENT ACTIVE POOL ADDRESS: 0x5592380962c0

SUB POOL DETAILS:
	-> Sub pool #1, address=0x5592380962c0, free_space=44 (bytes), failed=4
	-> Sub pool #2, address=0x5592380b7360, free_space=3408 (bytes), failed=0
SUB POOL COUNT: 2

LARGE BLOCK DETAILS: 
	-> Large block #1, address=0x5592380972d0
	-> Large block #2, address=0x5592380a7300
	-> Large block #3, address=0x5592380af330
LARGE BLOCK COUNT: 3
===MEMORY POOL DETAILS END===

[DEBUG] Query: 19, Operator: 2
===MEMORY POOL DETAILS===
POOL ADDRESS: 0x5592380962c0
POOL SIZE (FOR EACH): 4048
MAX ALLOCATION SIZE: 4048
MAX FAILED TIMES: 4
CURRENT ACTIVE POOL ADDRESS: 0x5592380962c0

SUB POOL DETAILS:
	-> Sub pool #1, address=0x5592380962c0, free_space=40 (bytes), failed=4
	-> Sub pool #2, address=0x5592380b7360, free_space=3408 (bytes), failed=0
SUB POOL COUNT: 2

LARGE BLOCK DETAILS: 
	-> Large block #1, address=0x5592380972d0
	-> Large block #2, address=0x5592380a7300
	-> Large block #3, address=0x5592380af330
LARGE BLOCK COUNT: 3
===MEMORY POOL DETAILS END===

[DEBUG] Query: 20, Operator: 2
===MEMORY POOL DETAILS===
POOL ADDRESS: 0x5592380962c0
POOL SIZE (FOR EACH): 4048
MAX ALLOCATION SIZE: 4048
MAX FAILED TIMES: 4
CURRENT ACTIVE POOL ADDRESS: 0x5592380b7360

SUB POOL DETAILS:
	-> Sub pool #1, address=0x5592380962c0, free_space=40 (bytes), failed=5
	-> Sub pool #2, address=0x5592380b7360, free_space=3344 (bytes), failed=0
SUB POOL COUNT: 2

LARGE BLOCK DETAILS: 
	-> Large block #1, address=0x5592380972d0
	-> Large block #2, address=0x5592380a7300
	-> Large block #3, address=0x5592380af330
LARGE BLOCK COUNT: 3
===MEMORY POOL DETAILS END===

[DEBUG] Query: 21, Operator: 2
===MEMORY POOL DETAILS===
POOL ADDRESS: 0x5592380962c0
POOL SIZE (FOR EACH): 4048
MAX ALLOCATION SIZE: 4048
MAX FAILED TIMES: 4
CURRENT ACTIVE POOL ADDRESS: 0x5592380b7360

SUB POOL DETAILS:
	-> Sub pool #1, address=0x5592380962c0, free_space=40 (bytes), failed=5
	-> Sub pool #2, address=0x5592380b7360, free_space=3280 (bytes), failed=0
SUB POOL COUNT: 2

LARGE BLOCK DETAILS: 
	-> Large block #1, address=0x5592380972d0
	-> Large block #2, address=0x5592380a7300
	-> Large block #3, address=0x5592380af330
LARGE BLOCK COUNT: 3
===MEMORY POOL DETAILS END===

[DEBUG] Query: 22, Operator: 2
===MEMORY POOL DETAILS===
POOL ADDRESS: 0x5592380962c0
POOL SIZE (FOR EACH): 4048
MAX ALLOCATION SIZE: 4048
MAX FAILED TIMES: 4
CURRENT ACTIVE POOL ADDRESS: 0x5592380b7360

SUB POOL DETAILS:
	-> Sub pool #1, address=0x5592380962c0, free_space=40 (bytes), failed=5
	-> Sub pool #2, address=0x5592380b7360, free_space=3216 (bytes), failed=0
SUB POOL COUNT: 2

LARGE BLOCK DETAILS: 
	-> Large block #1, address=0x5592380972d0
	-> Large block #2, address=0x5592380a7300
	-> Large block #3, address=0x5592380af330
LARGE BLOCK COUNT: 3
===MEMORY POOL DETAILS END===

[DEBUG] Query: 23, Operator: 3
===MEMORY POOL DETAILS===
POOL ADDRESS: 0x5592380962c0
POOL SIZE (FOR EACH): 4048
MAX ALLOCATION SIZE: 4048
MAX FAILED TIMES: 4
CURRENT ACTIVE POOL ADDRESS: 0x5592380b7360

SUB POOL DETAILS:
	-> Sub pool #1, address=0x5592380962c0, free_space=40 (bytes), failed=5
	-> Sub pool #2, address=0x5592380b7360, free_space=3216 (bytes), failed=0
SUB POOL COUNT: 2

LARGE BLOCK DETAILS: 
	-> Large block #1, address=0x5592380972d0
	-> Large block #2, address=0x5592380a7300
LARGE BLOCK COUNT: 2
===MEMORY POOL DETAILS END===

[DEBUG] Query: 24, Operator: 4
===MEMORY POOL DETAILS===
POOL ADDRESS: 0x5592380962c0
POOL SIZE (FOR EACH): 4048
MAX ALLOCATION SIZE: 4048
MAX FAILED TIMES: 4
CURRENT ACTIVE POOL ADDRESS: 0x5592380962c0

SUB POOL DETAILS:
	-> Sub pool #1, address=0x5592380962c0, free_space=4048 (bytes), failed=0
	-> Sub pool #2, address=0x5592380b7360, free_space=4048 (bytes), failed=0
SUB POOL COUNT: 2

LARGE BLOCK DETAILS: 
LARGE BLOCK COUNT: 0
===MEMORY POOL DETAILS END===

[DEBUG] Query: 25, Operator: 2
===MEMORY POOL DETAILS===
POOL ADDRESS: 0x5592380962c0
POOL SIZE (FOR EACH): 4048
MAX ALLOCATION SIZE: 4048
MAX FAILED TIMES: 4
CURRENT ACTIVE POOL ADDRESS: 0x5592380962c0

SUB POOL DETAILS:
	-> Sub pool #1, address=0x5592380962c0, free_space=3536 (bytes), failed=0
	-> Sub pool #2, address=0x5592380b7360, free_space=4048 (bytes), failed=0
SUB POOL COUNT: 2

LARGE BLOCK DETAILS: 
LARGE BLOCK COUNT: 0
===MEMORY POOL DETAILS END===

[DEBUG] Query: 26, Operator: 2
===MEMORY POOL DETAILS===
POOL ADDRESS: 0x5592380962c0
POOL SIZE (FOR EACH): 4048
MAX ALLOCATION SIZE: 4048
MAX FAILED TIMES: 4
CURRENT ACTIVE POOL ADDRESS: 0x5592380962c0

SUB POOL DETAILS:
	-> Sub pool #1, address=0x5592380962c0, free_space=3536 (bytes), failed=0
	-> Sub pool #2, address=0x5592380b7360, free_space=4048 (bytes), failed=0
SUB POOL COUNT: 2

LARGE BLOCK DETAILS: 
	-> Large block #1, address=0x5592380a7300
LARGE BLOCK COUNT: 1
===MEMORY POOL DETAILS END===

[DEBUG] Query: 27, Operator: 2
===MEMORY POOL DETAILS===
POOL ADDRESS: 0x5592380962c0
POOL SIZE (FOR EACH): 4048
MAX ALLOCATION SIZE: 4048
MAX FAILED TIMES: 4
CURRENT ACTIVE POOL ADDRESS: 0x5592380962c0

SUB POOL DETAILS:
	-> Sub pool #1, address=0x5592380962c0, free_space=3536 (bytes), failed=0
	-> Sub pool #2, address=0x5592380b7360, free_space=4048 (bytes), failed=0
SUB POOL COUNT: 2

LARGE BLOCK DETAILS: 
	-> Large block #1, address=0x5592380a7300
	-> Large block #2, address=0x5592380972d0
LARGE BLOCK COUNT: 2
===MEMORY POOL DETAILS END===

[DEBUG] Query: 28, Operator: 5